빌드 시작: 2019-04-06 오후 7:01:30
     1>2 노드의 "C:\8. Codejam\Qual\B\You Can Go Your Own Way\You Can Go Your Own Way\You Can Go Your Own Way.vcxproj" 프로젝트(build 대상)입니다.
     1>InitializeBuildStatus:
         "AlwaysCreate"이(가) 지정되었기 때문에 "Debug\You Can Go Your Own Way.unsuccessfulbuild"을(를) 만들고 있습니다.
       ClCompile:
         모든 출력이 최신 상태입니다.
         C:\Program Files (x86)\Microsoft Visual Studio 10.0\VC\bin\CL.exe /c /ZI /nologo /W3 /WX- /Od /Oy- /D WIN32 /D _DEBUG /D _CONSOLE /D _UNICODE /D UNICODE /Gm /EHsc /RTC1 /MDd /GS /fp:precise /Zc:wchar_t /Zc:forScope /Yu"StdAfx.h" /Fp"Debug\You Can Go Your Own Way.pch" /Fo"Debug\\" /Fd"Debug\vc100.pdb" /Gd /TP /analyze- /errorReport:prompt "You Can Go Your Own Way.cpp"
         You Can Go Your Own Way.cpp
     1>c:\8. codejam\qual\b\you can go your own way\you can go your own way\you can go your own way.cpp(75): warning C4996: 'scanf': This function or variable may be unsafe. Consider using scanf_s instead. To disable deprecation, use _CRT_SECURE_NO_WARNINGS. See online help for details.
                 c:\program files (x86)\microsoft visual studio 10.0\vc\include\stdio.h(304) : 'scanf' 선언을 참조하십시오.
     1>c:\8. codejam\qual\b\you can go your own way\you can go your own way\you can go your own way.cpp(92): warning C4996: 'scanf': This function or variable may be unsafe. Consider using scanf_s instead. To disable deprecation, use _CRT_SECURE_NO_WARNINGS. See online help for details.
                 c:\program files (x86)\microsoft visual studio 10.0\vc\include\stdio.h(304) : 'scanf' 선언을 참조하십시오.
     1>c:\8. codejam\qual\b\you can go your own way\you can go your own way\you can go your own way.cpp(93): warning C4996: 'scanf': This function or variable may be unsafe. Consider using scanf_s instead. To disable deprecation, use _CRT_SECURE_NO_WARNINGS. See online help for details.
                 c:\program files (x86)\microsoft visual studio 10.0\vc\include\stdio.h(304) : 'scanf' 선언을 참조하십시오.
       ManifestResourceCompile:
         모든 출력이 최신 상태입니다.
       Link:
         C:\Program Files (x86)\Microsoft Visual Studio 10.0\VC\bin\link.exe /ERRORREPORT:PROMPT /OUT:"C:\8. Codejam\Qual\B\You Can Go Your Own Way\Debug\You Can Go Your Own Way.exe" /INCREMENTAL /NOLOGO kernel32.lib user32.lib gdi32.lib winspool.lib comdlg32.lib advapi32.lib shell32.lib ole32.lib oleaut32.lib uuid.lib odbc32.lib odbccp32.lib /MANIFEST /ManifestFile:"Debug\You Can Go Your Own Way.exe.intermediate.manifest" /MANIFESTUAC:"level='asInvoker' uiAccess='false'" /DEBUG /PDB:"C:\8. Codejam\Qual\B\You Can Go Your Own Way\Debug\You Can Go Your Own Way.pdb" /SUBSYSTEM:CONSOLE /TLBID:1 /DYNAMICBASE /NXCOMPAT /IMPLIB:"C:\8. Codejam\Qual\B\You Can Go Your Own Way\Debug\You Can Go Your Own Way.lib" /MACHINE:X86 "Debug\You Can Go Your Own Way.exe.embed.manifest.res"
         Debug\stdafx.obj
         "Debug\You Can Go Your Own Way.obj"
       Manifest:
         C:\Program Files (x86)\Microsoft SDKs\Windows\v7.0A\bin\mt.exe /nologo /verbose /out:"Debug\You Can Go Your Own Way.exe.embed.manifest" /manifest "Debug\You Can Go Your Own Way.exe.intermediate.manifest"
         모든 출력이 최신 상태입니다.
       LinkEmbedManifest:
         모든 출력이 최신 상태입니다.
         You Can Go Your Own Way.vcxproj -> C:\8. Codejam\Qual\B\You Can Go Your Own Way\Debug\You Can Go Your Own Way.exe
       FinalizeBuildStatus:
         "Debug\You Can Go Your Own Way.unsuccessfulbuild" 파일을 삭제하고 있습니다.
         "Debug\You Can Go Your Own Way.lastbuildstate"에 연결(touching)하고 있습니다.
     1>"C:\8. Codejam\Qual\B\You Can Go Your Own Way\You Can Go Your Own Way\You Can Go Your Own Way.vcxproj" 프로젝트를 빌드했습니다(build 대상).

빌드했습니다.

경과 시간: 00:00:00.81
