Build started 2019-05-04 오후 6:44:24.
     1>Project "C:\8. Codejam\1Round\C\one\one\one.vcxproj" on node 2 (build target(s)).
     1>InitializeBuildStatus:
         Touching "Debug\one.unsuccessfulbuild".
       ClCompile:
         All outputs are up-to-date.
         All outputs are up-to-date.
       ManifestResourceCompile:
         All outputs are up-to-date.
       Link:
         c:\Program Files (x86)\Microsoft Visual Studio 10.0\VC\bin\link.exe /ERRORREPORT:PROMPT /OUT:"C:\8. Codejam\1Round\C\one\Debug\one.exe" /INCREMENTAL /NOLOGO kernel32.lib user32.lib gdi32.lib winspool.lib comdlg32.lib advapi32.lib shell32.lib ole32.lib oleaut32.lib uuid.lib odbc32.lib odbccp32.lib /MANIFEST /ManifestFile:"Debug\one.exe.intermediate.manifest" /MANIFESTUAC:"level='asInvoker' uiAccess='false'" /DEBUG /PDB:"C:\8. Codejam\1Round\C\one\Debug\one.pdb" /SUBSYSTEM:CONSOLE /TLBID:1 /DYNAMICBASE /NXCOMPAT /IMPLIB:"C:\8. Codejam\1Round\C\one\Debug\one.lib" /MACHINE:X86 Debug\one.exe.embed.manifest.res
         Debug\one.obj
         Debug\stdafx.obj
       Manifest:
         C:\Program Files (x86)\Microsoft SDKs\Windows\v7.0A\bin\mt.exe /nologo /verbose /out:"Debug\one.exe.embed.manifest" /manifest Debug\one.exe.intermediate.manifest
         All outputs are up-to-date.
       LinkEmbedManifest:
         All outputs are up-to-date.
         one.vcxproj -> C:\8. Codejam\1Round\C\one\Debug\one.exe
       FinalizeBuildStatus:
         Deleting file "Debug\one.unsuccessfulbuild".
         Touching "Debug\one.lastbuildstate".
     1>Done Building Project "C:\8. Codejam\1Round\C\one\one\one.vcxproj" (build target(s)).

Build succeeded.

Time Elapsed 00:00:00.47
